<?xml version="1.0" encoding="UTF-8"?>
<testng-results ignored="0" total="4" passed="4" failed="0" skipped="0">
  <reporter-output>
  </reporter-output>
  <suite started-at="2025-05-22T14:57:47 PDT" name="Default suite" finished-at="2025-05-22T14:58:15 PDT" duration-ms="27927">
    <groups>
    </groups>
    <test started-at="2025-05-22T14:57:47 PDT" name="Default test" finished-at="2025-05-22T14:58:15 PDT" duration-ms="27927">
      <class name="com.Amazon.Test.LoginPageTest">
        <test-method is-config="true" signature="initDriver()[pri:0, instance:com.Amazon.Test.LoginPageTest@68267da0]" started-at="2025-05-22T14:57:47 PDT" name="initDriver" finished-at="2025-05-22T14:57:50 PDT" duration-ms="2013" status="PASS">
          <reporter-output>
          </reporter-output>
        </test-method> <!-- initDriver -->
        <test-method is-config="true" signature="setUp()[pri:0, instance:com.Amazon.Test.LoginPageTest@68267da0]" started-at="2025-05-22T14:57:50 PDT" name="setUp" finished-at="2025-05-22T14:57:50 PDT" duration-ms="24" status="PASS">
          <reporter-output>
          </reporter-output>
        </test-method> <!-- setUp -->
        <test-method signature="clikOnBasicLink()[pri:0, instance:com.Amazon.Test.LoginPageTest@68267da0]" started-at="2025-05-22T14:57:50 PDT" name="clikOnBasicLink" finished-at="2025-05-22T14:58:09 PDT" duration-ms="19077" status="PASS">
          <reporter-output>
          </reporter-output>
        </test-method> <!-- clikOnBasicLink -->
        <test-method is-config="true" signature="setUp()[pri:0, instance:com.Amazon.Test.LoginPageTest@68267da0]" started-at="2025-05-22T14:58:09 PDT" name="setUp" finished-at="2025-05-22T14:58:09 PDT" duration-ms="1" status="PASS">
          <reporter-output>
          </reporter-output>
        </test-method> <!-- setUp -->
        <test-method signature="clikOnBestSellerLink()[pri:0, instance:com.Amazon.Test.LoginPageTest@68267da0]" started-at="2025-05-22T14:58:09 PDT" name="clikOnBestSellerLink" finished-at="2025-05-22T14:58:11 PDT" duration-ms="2157" status="PASS">
          <reporter-output>
          </reporter-output>
        </test-method> <!-- clikOnBestSellerLink -->
        <test-method is-config="true" signature="setUp()[pri:0, instance:com.Amazon.Test.LoginPageTest@68267da0]" started-at="2025-05-22T14:58:11 PDT" name="setUp" finished-at="2025-05-22T14:58:11 PDT" duration-ms="1" status="PASS">
          <reporter-output>
          </reporter-output>
        </test-method> <!-- setUp -->
        <test-method signature="clikOnHaulLink()[pri:0, instance:com.Amazon.Test.LoginPageTest@68267da0]" started-at="2025-05-22T14:58:11 PDT" name="clikOnHaulLink" finished-at="2025-05-22T14:58:13 PDT" duration-ms="2101" status="PASS">
          <reporter-output>
          </reporter-output>
        </test-method> <!-- clikOnHaulLink -->
        <test-method is-config="true" signature="setUp()[pri:0, instance:com.Amazon.Test.LoginPageTest@68267da0]" started-at="2025-05-22T14:58:13 PDT" name="setUp" finished-at="2025-05-22T14:58:13 PDT" duration-ms="1" status="PASS">
          <reporter-output>
          </reporter-output>
        </test-method> <!-- setUp -->
        <test-method signature="clikOnPrimeLink()[pri:0, instance:com.Amazon.Test.LoginPageTest@68267da0]" started-at="2025-05-22T14:58:13 PDT" name="clikOnPrimeLink" finished-at="2025-05-22T14:58:15 PDT" duration-ms="2203" status="PASS">
          <reporter-output>
          </reporter-output>
        </test-method> <!-- clikOnPrimeLink -->
        <test-method is-config="true" signature="tearDown()[pri:0, instance:com.Amazon.Test.LoginPageTest@68267da0]" started-at="2025-05-22T14:58:15 PDT" name="tearDown" finished-at="2025-05-22T14:58:15 PDT" duration-ms="297" status="PASS">
          <reporter-output>
          </reporter-output>
        </test-method> <!-- tearDown -->
      </class> <!-- com.Amazon.Test.LoginPageTest -->
    </test> <!-- Default test -->
  </suite> <!-- Default suite -->
</testng-results>
