<?xml version="1.0" encoding="UTF-8"?>
<testng-results ignored="0" total="2" passed="2" failed="0" skipped="0">
  <reporter-output>
  </reporter-output>
  <suite started-at="2025-05-22T14:27:54 PDT" name="Default suite" finished-at="2025-05-22T14:28:13 PDT" duration-ms="19365">
    <groups>
    </groups>
    <test started-at="2025-05-22T14:27:54 PDT" name="Default test" finished-at="2025-05-22T14:28:13 PDT" duration-ms="19365">
      <class name="com.Amazon.Test.LoginPageTest">
        <test-method is-config="true" signature="initDriver()[pri:0, instance:com.Amazon.Test.LoginPageTest@26b3fd41]" started-at="2025-05-22T14:27:54 PDT" name="initDriver" finished-at="2025-05-22T14:27:55 PDT" duration-ms="1906" status="PASS">
          <reporter-output>
          </reporter-output>
        </test-method> <!-- initDriver -->
        <test-method is-config="true" signature="setUp()[pri:0, instance:com.Amazon.Test.LoginPageTest@26b3fd41]" started-at="2025-05-22T14:27:55 PDT" name="setUp" finished-at="2025-05-22T14:27:55 PDT" duration-ms="44" status="PASS">
          <reporter-output>
          </reporter-output>
        </test-method> <!-- setUp -->
        <test-method signature="clikOnBasicLink()[pri:0, instance:com.Amazon.Test.LoginPageTest@26b3fd41]" started-at="2025-05-22T14:27:55 PDT" name="clikOnBasicLink" finished-at="2025-05-22T14:28:10 PDT" duration-ms="14790" status="PASS">
          <reporter-output>
          </reporter-output>
        </test-method> <!-- clikOnBasicLink -->
        <test-method is-config="true" signature="setUp()[pri:0, instance:com.Amazon.Test.LoginPageTest@26b3fd41]" started-at="2025-05-22T14:28:10 PDT" name="setUp" finished-at="2025-05-22T14:28:10 PDT" duration-ms="1" status="PASS">
          <reporter-output>
          </reporter-output>
        </test-method> <!-- setUp -->
        <test-method signature="clikOnHaulLink()[pri:0, instance:com.Amazon.Test.LoginPageTest@26b3fd41]" started-at="2025-05-22T14:28:10 PDT" name="clikOnHaulLink" finished-at="2025-05-22T14:28:13 PDT" duration-ms="2343" status="PASS">
          <reporter-output>
          </reporter-output>
        </test-method> <!-- clikOnHaulLink -->
        <test-method is-config="true" signature="tearDown()[pri:0, instance:com.Amazon.Test.LoginPageTest@26b3fd41]" started-at="2025-05-22T14:28:13 PDT" name="tearDown" finished-at="2025-05-22T14:28:13 PDT" duration-ms="233" status="PASS">
          <reporter-output>
          </reporter-output>
        </test-method> <!-- tearDown -->
      </class> <!-- com.Amazon.Test.LoginPageTest -->
    </test> <!-- Default test -->
  </suite> <!-- Default suite -->
</testng-results>
