<?xml version="1.0" encoding="UTF-8"?>
<!-- Generated by org.testng.reporters.JUnitXMLReporter -->
<testsuite ignored="0" hostname="LAPTOP-6A3TN1OQ" failures="0" tests="2" name="Test" time="7.548" errors="0" timestamp="2025-06-20T14:13:09 PDT">
  <testcase classname="com.tests.ProductTest" name="verifyAddToCartWorkflow" time="3.197">
    <skipped/>
  </testcase> <!-- verifyAddToCartWorkflow -->
  <testcase classname="com.tests.ProductTest" name="verifyAddToCartWorkflow" time="4.009"/>
</testsuite> <!-- Test -->
