<?xml version="1.0" encoding="UTF-8"?>
<!-- Generated by org.testng.reporters.JUnitXMLReporter -->
<testsuite ignored="0" hostname="LAPTOP-6A3TN1OQ" failures="0" tests="3" name="Test" time="28.433" errors="0" timestamp="2025-06-06T09:30:37 PDT">
  <testcase classname="com.tests.ProductTest" name="verifyAddToCartWorkflow" time="1.631">
    <skipped/>
  </testcase> <!-- verifyAddToCartWorkflow -->
  <testcase classname="com.tests.ProductTest" name="verifyAddToCartWorkflow" time="23.251">
    <skipped/>
  </testcase> <!-- verifyAddToCartWorkflow -->
  <testcase classname="com.tests.ProductTest" name="verifyAddToCartWorkflow" time="3.073"/>
</testsuite> <!-- Test -->
