<?xml version="1.0" encoding="UTF-8"?>
<testng-results ignored="0" total="1" passed="1" failed="0" skipped="0">
  <reporter-output>
  </reporter-output>
  <suite started-at="2025-06-05T16:01:15 PDT" name="Suite" finished-at="2025-06-05T16:01:21 PDT" duration-ms="5933">
    <groups>
    </groups>
    <test started-at="2025-06-05T16:01:15 PDT" name="Test" finished-at="2025-06-05T16:01:21 PDT" duration-ms="5933">
      <class name="com.tests.ProductTest">
        <test-method is-config="true" signature="setUp()[pri:0, instance:com.tests.ProductTest@604f2bd2]" started-at="2025-06-05T16:01:10 PDT" name="setUp" finished-at="2025-06-05T16:01:15 PDT" duration-ms="4402" status="PASS">
          <reporter-output>
          </reporter-output>
        </test-method> <!-- setUp -->
        <test-method signature="verifyAddToCartWorkflow()[pri:0, instance:com.tests.ProductTest@604f2bd2]" started-at="2025-06-05T16:01:15 PDT" name="verifyAddToCartWorkflow" finished-at="2025-06-05T16:01:21 PDT" duration-ms="5531" status="PASS">
          <reporter-output>
          </reporter-output>
        </test-method> <!-- verifyAddToCartWorkflow -->
        <test-method is-config="true" signature="tearDown()[pri:0, instance:com.tests.ProductTest@604f2bd2]" started-at="2025-06-05T16:01:21 PDT" name="tearDown" finished-at="2025-06-05T16:01:21 PDT" duration-ms="218" status="PASS">
          <reporter-output>
          </reporter-output>
        </test-method> <!-- tearDown -->
      </class> <!-- com.tests.ProductTest -->
    </test> <!-- Test -->
  </suite> <!-- Suite -->
</testng-results>
