<?xml version="1.0" encoding="UTF-8"?>
<!-- Generated by org.testng.reporters.JUnitXMLReporter -->
<testsuite ignored="0" hostname="LAPTOP-6A3TN1OQ" failures="0" tests="4" name="Default test" time="27.927" errors="0" timestamp="2025-05-22T14:58:15 PDT">
  <testcase classname="com.Amazon.Test.LoginPageTest" name="clikOnBasicLink" time="19.077"/>
  <testcase classname="com.Amazon.Test.LoginPageTest" name="clikOnBestSellerLink" time="2.157"/>
  <testcase classname="com.Amazon.Test.LoginPageTest" name="clikOnHaulLink" time="2.101"/>
  <testcase classname="com.Amazon.Test.LoginPageTest" name="clikOnPrimeLink" time="2.203"/>
</testsuite> <!-- Default test -->
